[2025-04-15 16:19:20] [info] Start Program:
Path:"D:\Facultate\DSA\Projects\oophw03\x64\Debug\oophw03.exe"
Arguments:
Working directory: "D:\Facultate\DSA\Projects\oophw03\oophw03\"
Modules: Selected: D:\Facultate\DSA\Projects\oophw03\x64\Debug\oophw03.exe Excluded: 
Sources: Selected: D:\Facultate\DSA\Projects\oophw03\oophw03 Excluded: 
Log Level: Normal
Cover Children: 0
Aggregate by file: 1
Continue after C++ exception: 0
Optimized build support: 0
Export: Binary C:\Users\andre\AppData\Local\Temp\c0a5e2pa.dp5 
Input coverage: 
Unified diff: 
Excluded line regular expressions: 
Substitute pdb source paths: 

[2025-04-15 16:19:20] [info] Module: D:\Facultate\DSA\Projects\oophw03\x64\Debug\oophw03.exe is selected because it matches selected pattern: D:\Facultate\DSA\Projects\oophw03\x64\Debug\oophw03.exe
[2025-04-15 16:19:20] [info] ----------------------------------------------------
[2025-04-15 16:19:20] [info] Coverage binary generated in file: C:\Users\andre\AppData\Local\Temp\c0a5e2pa.dp5
[2025-04-15 16:19:20] [info] ----------------------------------------------------
