     1                                  bits 32 ; assembling for the 32 bits architecture
     2                                  
     3                                  ; declare the EntryPoint (a label defining the very first instruction of the program)
     4                                  global start        
     5                                  
     6                                  ; declare external functions needed by our program
     7                                  extern exit               ; tell nasm that exit exists even if we won't be defining it
     8                                  import exit msvcrt.dll    ; exit is a function that ends the calling process. It is defined in msvcrt.dll
     9                                                            ; msvcrt.dll contains exit, printf and all the other important C-runtime specific functions
    10                                  
    11                                  ; our data is declared here (the variables needed by our program)
    12                                  segment data use32 class=data
    13                                      ; ...
    14 00000000 01                          a db 1
    15 00000001 01                          b db 1
    16 00000002 02                          c db 2
    17 00000003 03                          d db 3
    18                                  ; our code starts here
    19                                  segment code use32 class=code
    20                                      start:
    21                                          ; ...
    22 00000000 A0[00000000]                    mov AL, [a]
    23 00000005 0205[01000000]                  add AL, [b]
    24                                          mul [c]
    24          ******************       error: operation size not specified
    25                                          div [d]
    25          ******************       error: operation size not specified
    26                                          ; exit(0)
    27 0000000B 6A00                            push    dword 0      ; push the parameter for exit onto the stack
    28 0000000D FF15[00000000]                  call    [exit]       ; call exit to terminate the program
